2024-03-28 15:33:11,472 - INFO - Log microservice: Getting Connection
2024-03-28 15:33:11,474 - INFO - Log microservice amqp_connection: Create_connection
2024-03-28 15:33:11,474 - INFO - Log microservice amqp_connection: Trying connection
2024-03-28 15:33:11,484 - WARNING - Log microservice amqp_connection: Failed to connect: 
2024-03-28 15:33:11,486 - WARNING - Log microservice amqp_connection: Retrying in 5 seconds...
2024-03-28 15:33:16,488 - INFO - Log microservice amqp_connection: Trying connection
2024-03-28 15:33:16,493 - WARNING - Log microservice amqp_connection: Failed to connect: 
2024-03-28 15:33:16,493 - WARNING - Log microservice amqp_connection: Retrying in 5 seconds...
2024-03-28 15:33:21,499 - INFO - Log microservice amqp_connection: Trying connection
2024-03-28 15:33:21,504 - WARNING - Log microservice amqp_connection: Failed to connect: 
2024-03-28 15:33:21,505 - WARNING - Log microservice amqp_connection: Retrying in 5 seconds...
2024-03-28 15:33:26,506 - INFO - Log microservice amqp_connection: Trying connection
2024-03-28 15:33:26,511 - WARNING - Log microservice amqp_connection: Failed to connect: 
2024-03-28 15:33:26,512 - WARNING - Log microservice amqp_connection: Retrying in 5 seconds...
2024-03-28 15:33:31,515 - INFO - Log microservice amqp_connection: Trying connection
2024-03-28 15:33:31,523 - WARNING - Log microservice amqp_connection: Failed to connect: 
2024-03-28 15:33:31,525 - WARNING - Log microservice amqp_connection: Retrying in 5 seconds...
2024-03-28 15:33:36,531 - INFO - Log microservice amqp_connection: Trying connection
2024-03-28 15:33:36,539 - WARNING - Log microservice amqp_connection: Failed to connect: 
2024-03-28 15:33:36,540 - WARNING - Log microservice amqp_connection: Retrying in 5 seconds...
2024-03-28 15:33:41,542 - INFO - Log microservice amqp_connection: Trying connection
2024-03-28 15:33:41,549 - WARNING - Log microservice amqp_connection: Failed to connect: 
2024-03-28 15:33:41,550 - WARNING - Log microservice amqp_connection: Retrying in 5 seconds...
2024-03-28 15:33:46,552 - INFO - Log microservice amqp_connection: Trying connection
2024-03-28 15:33:46,561 - WARNING - Log microservice amqp_connection: Failed to connect: 
2024-03-28 15:33:46,562 - WARNING - Log microservice amqp_connection: Retrying in 5 seconds...
2024-03-28 15:33:51,565 - INFO - Log microservice amqp_connection: Trying connection
2024-03-28 15:33:51,568 - WARNING - Log microservice amqp_connection: Failed to connect: 
2024-03-28 15:33:51,568 - WARNING - Log microservice amqp_connection: Retrying in 5 seconds...
2024-03-28 15:33:56,571 - INFO - Log microservice amqp_connection: Trying connection
2024-03-28 15:33:56,573 - WARNING - Log microservice amqp_connection: Failed to connect: 
2024-03-28 15:33:56,573 - WARNING - Log microservice amqp_connection: Retrying in 5 seconds...
2024-03-28 15:34:01,574 - INFO - Log microservice amqp_connection: Trying connection
2024-03-28 15:34:01,582 - WARNING - Log microservice amqp_connection: Failed to connect: 
2024-03-28 15:34:01,583 - WARNING - Log microservice amqp_connection: Retrying in 5 seconds...
2024-03-28 15:34:06,585 - INFO - Log microservice amqp_connection: Trying connection
2024-03-28 15:34:06,591 - WARNING - Log microservice amqp_connection: Failed to connect: 
2024-03-28 15:34:06,592 - WARNING - Log microservice amqp_connection: Retrying in 5 seconds...
2024-03-28 15:34:11,594 - ERROR - Log microservice unable to establish a connection to RabbitMQ after multiple attempts
2024-03-28 15:34:11,595 - INFO - Log microservice: Connection established successfully
2024-03-28 15:34:12,046 - INFO - Log microservice: Getting Connection
2024-03-28 15:34:12,046 - INFO - Log microservice amqp_connection: Create_connection
2024-03-28 15:34:12,046 - INFO - Log microservice amqp_connection: Trying connection
2024-03-28 15:34:12,048 - WARNING - Log microservice amqp_connection: Failed to connect: 
2024-03-28 15:34:12,049 - WARNING - Log microservice amqp_connection: Retrying in 5 seconds...
2024-03-28 15:34:17,049 - INFO - Log microservice amqp_connection: Trying connection
2024-03-28 15:34:17,051 - WARNING - Log microservice amqp_connection: Failed to connect: 
2024-03-28 15:34:17,051 - WARNING - Log microservice amqp_connection: Retrying in 5 seconds...
2024-03-28 15:34:22,052 - INFO - Log microservice amqp_connection: Trying connection
2024-03-28 15:34:22,057 - WARNING - Log microservice amqp_connection: Failed to connect: 
2024-03-28 15:34:22,057 - WARNING - Log microservice amqp_connection: Retrying in 5 seconds...
2024-03-28 15:34:27,058 - INFO - Log microservice amqp_connection: Trying connection
2024-03-28 15:34:27,067 - WARNING - Log microservice amqp_connection: Failed to connect: 
2024-03-28 15:34:27,068 - WARNING - Log microservice amqp_connection: Retrying in 5 seconds...
2024-03-28 15:34:32,070 - INFO - Log microservice amqp_connection: Trying connection
2024-03-28 15:34:32,074 - WARNING - Log microservice amqp_connection: Failed to connect: 
2024-03-28 15:34:32,075 - WARNING - Log microservice amqp_connection: Retrying in 5 seconds...
2024-03-28 15:34:37,079 - INFO - Log microservice amqp_connection: Trying connection
2024-03-28 15:34:37,089 - WARNING - Log microservice amqp_connection: Failed to connect: 
2024-03-28 15:34:37,090 - WARNING - Log microservice amqp_connection: Retrying in 5 seconds...
2024-03-28 15:34:42,092 - INFO - Log microservice amqp_connection: Trying connection
2024-03-28 15:34:42,098 - WARNING - Log microservice amqp_connection: Failed to connect: 
2024-03-28 15:34:42,098 - WARNING - Log microservice amqp_connection: Retrying in 5 seconds...
2024-03-28 23:34:44,887 - INFO - Log microservice: Getting Connection
2024-03-28 23:34:44,887 - INFO - Log microservice amqp_connection: Create_connection
2024-03-28 23:34:44,887 - INFO - Log microservice amqp_connection: Trying connection
2024-03-28 23:34:44,898 - INFO - Log microservice amqp_connection: Connection established successfully
2024-03-28 23:34:44,898 - INFO - Log microservice: Connection established successfully
2024-03-28 23:34:44,900 - INFO - Log microservice: Consuming from queue: All_Logs
2024-03-28 15:34:47,099 - INFO - Log microservice amqp_connection: Trying connection
2024-03-28 15:34:47,106 - WARNING - Log microservice amqp_connection: Failed to connect: 
2024-03-28 15:34:47,107 - WARNING - Log microservice amqp_connection: Retrying in 5 seconds...
2024-03-28 15:34:52,108 - INFO - Log microservice amqp_connection: Trying connection
2024-03-28 15:34:52,119 - WARNING - Log microservice amqp_connection: Failed to connect: 
2024-03-28 15:34:52,120 - WARNING - Log microservice amqp_connection: Retrying in 5 seconds...
2024-03-28 15:34:57,122 - INFO - Log microservice amqp_connection: Trying connection
2024-03-28 15:34:57,125 - WARNING - Log microservice amqp_connection: Failed to connect: 
2024-03-28 15:34:57,125 - WARNING - Log microservice amqp_connection: Retrying in 5 seconds...
2024-03-28 15:35:02,135 - INFO - Log microservice amqp_connection: Trying connection
2024-03-28 15:35:02,152 - WARNING - Log microservice amqp_connection: Failed to connect: 
2024-03-28 15:35:02,153 - WARNING - Log microservice amqp_connection: Retrying in 5 seconds...
2024-03-28 15:35:07,157 - INFO - Log microservice amqp_connection: Trying connection
2024-03-28 15:35:07,178 - WARNING - Log microservice amqp_connection: Failed to connect: 
2024-03-28 15:35:07,179 - WARNING - Log microservice amqp_connection: Retrying in 5 seconds...
2024-03-28 15:35:12,187 - ERROR - Log microservice unable to establish a connection to RabbitMQ after multiple attempts
2024-03-28 15:35:12,195 - INFO - Log microservice: Connection established successfully
2024-03-28 15:35:13,406 - INFO - Log microservice: Getting Connection
2024-03-28 15:35:13,407 - INFO - Log microservice amqp_connection: Create_connection
2024-03-28 15:35:13,407 - INFO - Log microservice amqp_connection: Trying connection
2024-03-28 15:35:13,422 - WARNING - Log microservice amqp_connection: Failed to connect: 
2024-03-28 15:35:13,423 - WARNING - Log microservice amqp_connection: Retrying in 5 seconds...
2024-03-28 15:35:18,427 - INFO - Log microservice amqp_connection: Trying connection
2024-03-28 15:35:18,446 - WARNING - Log microservice amqp_connection: Failed to connect: 
2024-03-28 15:35:18,447 - WARNING - Log microservice amqp_connection: Retrying in 5 seconds...
2024-03-28 15:35:23,450 - INFO - Log microservice amqp_connection: Trying connection
2024-03-28 15:35:23,461 - WARNING - Log microservice amqp_connection: Failed to connect: 
2024-03-28 15:35:23,461 - WARNING - Log microservice amqp_connection: Retrying in 5 seconds...
2024-03-28 15:35:28,467 - INFO - Log microservice amqp_connection: Trying connection
2024-03-28 15:35:28,472 - WARNING - Log microservice amqp_connection: Failed to connect: 
2024-03-28 15:35:28,472 - WARNING - Log microservice amqp_connection: Retrying in 5 seconds...
2024-03-28 15:35:33,477 - INFO - Log microservice amqp_connection: Trying connection
2024-03-28 15:35:33,481 - WARNING - Log microservice amqp_connection: Failed to connect: 
2024-03-28 15:35:33,481 - WARNING - Log microservice amqp_connection: Retrying in 5 seconds...
2024-03-28 15:35:38,484 - INFO - Log microservice amqp_connection: Trying connection
2024-03-28 15:35:38,489 - WARNING - Log microservice amqp_connection: Failed to connect: 
2024-03-28 15:35:38,490 - WARNING - Log microservice amqp_connection: Retrying in 5 seconds...
2024-03-28 15:35:43,493 - INFO - Log microservice amqp_connection: Trying connection
2024-03-28 15:35:43,504 - WARNING - Log microservice amqp_connection: Failed to connect: 
2024-03-28 15:35:43,504 - WARNING - Log microservice amqp_connection: Retrying in 5 seconds...
2024-03-28 15:35:48,507 - INFO - Log microservice amqp_connection: Trying connection
2024-03-28 15:35:48,514 - WARNING - Log microservice amqp_connection: Failed to connect: 
2024-03-28 15:35:48,516 - WARNING - Log microservice amqp_connection: Retrying in 5 seconds...
2024-03-28 15:35:53,520 - INFO - Log microservice amqp_connection: Trying connection
2024-03-28 15:35:53,526 - WARNING - Log microservice amqp_connection: Failed to connect: 
2024-03-28 15:35:53,527 - WARNING - Log microservice amqp_connection: Retrying in 5 seconds...
2024-03-28 15:35:58,529 - INFO - Log microservice amqp_connection: Trying connection
2024-03-28 15:35:58,539 - WARNING - Log microservice amqp_connection: Failed to connect: 
2024-03-28 15:35:58,540 - WARNING - Log microservice amqp_connection: Retrying in 5 seconds...
2024-03-28 15:36:03,545 - INFO - Log microservice amqp_connection: Trying connection
2024-03-28 15:36:03,550 - WARNING - Log microservice amqp_connection: Failed to connect: 
2024-03-28 15:36:03,551 - WARNING - Log microservice amqp_connection: Retrying in 5 seconds...
2024-03-28 15:36:08,555 - INFO - Log microservice amqp_connection: Trying connection
2024-03-28 15:36:08,562 - WARNING - Log microservice amqp_connection: Failed to connect: 
2024-03-28 15:36:08,563 - WARNING - Log microservice amqp_connection: Retrying in 5 seconds...
2024-03-28 15:36:13,565 - ERROR - Log microservice unable to establish a connection to RabbitMQ after multiple attempts
2024-03-28 15:36:13,568 - INFO - Log microservice: Connection established successfully
2024-03-28 15:36:14,016 - INFO - Log microservice: Getting Connection
2024-03-28 15:36:14,016 - INFO - Log microservice amqp_connection: Create_connection
2024-03-28 15:36:14,017 - INFO - Log microservice amqp_connection: Trying connection
2024-03-28 15:36:14,019 - WARNING - Log microservice amqp_connection: Failed to connect: 
2024-03-28 15:36:14,019 - WARNING - Log microservice amqp_connection: Retrying in 5 seconds...
2024-03-28 15:36:19,020 - INFO - Log microservice amqp_connection: Trying connection
2024-03-28 15:36:19,026 - WARNING - Log microservice amqp_connection: Failed to connect: 
2024-03-28 15:36:19,027 - WARNING - Log microservice amqp_connection: Retrying in 5 seconds...
2024-03-28 15:36:24,028 - INFO - Log microservice amqp_connection: Trying connection
2024-03-28 15:36:24,039 - WARNING - Log microservice amqp_connection: Failed to connect: 
2024-03-28 15:36:24,040 - WARNING - Log microservice amqp_connection: Retrying in 5 seconds...
2024-03-28 15:36:29,062 - INFO - Log microservice amqp_connection: Trying connection
2024-03-28 15:36:29,081 - WARNING - Log microservice amqp_connection: Failed to connect: 
2024-03-28 15:36:29,081 - WARNING - Log microservice amqp_connection: Retrying in 5 seconds...
2024-03-28 15:36:34,087 - INFO - Log microservice amqp_connection: Trying connection
2024-03-28 15:36:34,094 - WARNING - Log microservice amqp_connection: Failed to connect: 
2024-03-28 15:36:34,096 - WARNING - Log microservice amqp_connection: Retrying in 5 seconds...
2024-03-28 15:36:39,100 - INFO - Log microservice amqp_connection: Trying connection
2024-03-28 15:36:39,103 - WARNING - Log microservice amqp_connection: Failed to connect: 
2024-03-28 15:36:39,104 - WARNING - Log microservice amqp_connection: Retrying in 5 seconds...
2024-03-28 15:36:44,107 - INFO - Log microservice amqp_connection: Trying connection
2024-03-28 15:36:44,111 - WARNING - Log microservice amqp_connection: Failed to connect: 
2024-03-28 15:36:44,112 - WARNING - Log microservice amqp_connection: Retrying in 5 seconds...
2024-03-28 15:36:49,117 - INFO - Log microservice amqp_connection: Trying connection
2024-03-28 15:36:49,123 - WARNING - Log microservice amqp_connection: Failed to connect: 
2024-03-28 15:36:49,124 - WARNING - Log microservice amqp_connection: Retrying in 5 seconds...
2024-03-28 15:36:54,131 - INFO - Log microservice amqp_connection: Trying connection
2024-03-28 15:36:54,140 - WARNING - Log microservice amqp_connection: Failed to connect: 
2024-03-28 15:36:54,142 - WARNING - Log microservice amqp_connection: Retrying in 5 seconds...
2024-03-28 15:36:59,148 - INFO - Log microservice amqp_connection: Trying connection
2024-03-28 15:36:59,158 - WARNING - Log microservice amqp_connection: Failed to connect: 
2024-03-28 15:36:59,159 - WARNING - Log microservice amqp_connection: Retrying in 5 seconds...
2024-03-28 15:37:04,162 - INFO - Log microservice amqp_connection: Trying connection
2024-03-28 15:37:04,167 - WARNING - Log microservice amqp_connection: Failed to connect: 
2024-03-28 15:37:04,168 - WARNING - Log microservice amqp_connection: Retrying in 5 seconds...
2024-03-28 15:37:09,168 - INFO - Log microservice amqp_connection: Trying connection
2024-03-28 15:37:09,176 - WARNING - Log microservice amqp_connection: Failed to connect: 
2024-03-28 15:37:09,178 - WARNING - Log microservice amqp_connection: Retrying in 5 seconds...
2024-03-28 15:37:14,180 - ERROR - Log microservice unable to establish a connection to RabbitMQ after multiple attempts
2024-03-28 15:37:14,183 - INFO - Log microservice: Connection established successfully
2024-03-28 15:37:14,755 - INFO - Log microservice: Getting Connection
2024-03-28 15:37:14,755 - INFO - Log microservice amqp_connection: Create_connection
2024-03-28 15:37:14,756 - INFO - Log microservice amqp_connection: Trying connection
2024-03-28 15:37:14,758 - WARNING - Log microservice amqp_connection: Failed to connect: 
2024-03-28 15:37:14,759 - WARNING - Log microservice amqp_connection: Retrying in 5 seconds...
2024-03-28 15:37:19,762 - INFO - Log microservice amqp_connection: Trying connection
2024-03-28 15:37:19,768 - WARNING - Log microservice amqp_connection: Failed to connect: 
2024-03-28 15:37:19,769 - WARNING - Log microservice amqp_connection: Retrying in 5 seconds...
2024-03-28 15:37:24,777 - INFO - Log microservice amqp_connection: Trying connection
2024-03-28 15:37:24,818 - WARNING - Log microservice amqp_connection: Failed to connect: 
2024-03-28 15:37:24,856 - WARNING - Log microservice amqp_connection: Retrying in 5 seconds...
2024-03-28 15:37:29,865 - INFO - Log microservice amqp_connection: Trying connection
2024-03-28 15:37:29,884 - WARNING - Log microservice amqp_connection: Failed to connect: 
2024-03-28 15:37:29,884 - WARNING - Log microservice amqp_connection: Retrying in 5 seconds...
2024-03-28 15:37:34,889 - INFO - Log microservice amqp_connection: Trying connection
2024-03-28 15:37:34,911 - WARNING - Log microservice amqp_connection: Failed to connect: 
2024-03-28 15:37:34,912 - WARNING - Log microservice amqp_connection: Retrying in 5 seconds...
2024-03-28 15:37:39,915 - INFO - Log microservice amqp_connection: Trying connection
2024-03-28 15:37:39,923 - WARNING - Log microservice amqp_connection: Failed to connect: 
2024-03-28 15:37:39,924 - WARNING - Log microservice amqp_connection: Retrying in 5 seconds...
2024-03-28 15:37:44,929 - INFO - Log microservice amqp_connection: Trying connection
2024-03-28 15:37:44,948 - WARNING - Log microservice amqp_connection: Failed to connect: 
2024-03-28 15:37:44,948 - WARNING - Log microservice amqp_connection: Retrying in 5 seconds...
2024-03-28 15:37:49,951 - INFO - Log microservice amqp_connection: Trying connection
2024-03-28 15:37:49,957 - WARNING - Log microservice amqp_connection: Failed to connect: 
2024-03-28 15:37:49,957 - WARNING - Log microservice amqp_connection: Retrying in 5 seconds...
2024-03-28 15:37:54,959 - INFO - Log microservice amqp_connection: Trying connection
2024-03-28 15:37:54,967 - WARNING - Log microservice amqp_connection: Failed to connect: 
2024-03-28 15:37:54,968 - WARNING - Log microservice amqp_connection: Retrying in 5 seconds...
2024-03-28 15:37:59,976 - INFO - Log microservice amqp_connection: Trying connection
2024-03-28 15:37:59,989 - WARNING - Log microservice amqp_connection: Failed to connect: 
2024-03-28 15:37:59,990 - WARNING - Log microservice amqp_connection: Retrying in 5 seconds...
2024-03-28 23:38:01,203 - ERROR - Log microservice: Failed to connect: %s (320, "CONNECTION_FORCED - broker forced connection closure with reason 'shutdown'")
2024-03-28 15:38:04,993 - INFO - Log microservice amqp_connection: Trying connection
2024-03-28 15:38:05,000 - WARNING - Log microservice amqp_connection: Failed to connect: 
2024-03-28 15:38:05,001 - WARNING - Log microservice amqp_connection: Retrying in 5 seconds...
2024-03-28 15:38:10,003 - INFO - Log microservice amqp_connection: Trying connection
2024-03-28 15:38:10,010 - WARNING - Log microservice amqp_connection: Failed to connect: 
2024-03-28 15:38:10,011 - WARNING - Log microservice amqp_connection: Retrying in 5 seconds...
2024-03-28 15:40:39,026 - INFO - Log microservice: Getting Connection
2024-03-28 15:40:39,027 - INFO - Log microservice amqp_connection: Create_connection
2024-03-28 15:40:39,028 - INFO - Log microservice amqp_connection: Trying connection
2024-03-28 15:40:39,033 - WARNING - Log microservice amqp_connection: Failed to connect: 
2024-03-28 15:40:39,035 - WARNING - Log microservice amqp_connection: Retrying in 5 seconds...
2024-03-28 15:40:44,037 - INFO - Log microservice amqp_connection: Trying connection
2024-03-28 15:40:44,040 - WARNING - Log microservice amqp_connection: Failed to connect: 
2024-03-28 15:40:44,040 - WARNING - Log microservice amqp_connection: Retrying in 5 seconds...
2024-03-28 15:40:49,041 - INFO - Log microservice amqp_connection: Trying connection
2024-03-28 15:40:49,051 - WARNING - Log microservice amqp_connection: Failed to connect: 
2024-03-28 15:40:49,053 - WARNING - Log microservice amqp_connection: Retrying in 5 seconds...
2024-03-28 15:40:54,058 - INFO - Log microservice amqp_connection: Trying connection
2024-03-28 15:40:54,066 - WARNING - Log microservice amqp_connection: Failed to connect: 
2024-03-28 15:40:54,067 - WARNING - Log microservice amqp_connection: Retrying in 5 seconds...
2024-03-28 15:40:59,069 - INFO - Log microservice amqp_connection: Trying connection
2024-03-28 15:40:59,073 - WARNING - Log microservice amqp_connection: Failed to connect: 
2024-03-28 15:40:59,075 - WARNING - Log microservice amqp_connection: Retrying in 5 seconds...
2024-03-28 15:41:04,078 - INFO - Log microservice amqp_connection: Trying connection
2024-03-28 15:41:04,083 - WARNING - Log microservice amqp_connection: Failed to connect: 
2024-03-28 15:41:04,085 - WARNING - Log microservice amqp_connection: Retrying in 5 seconds...
2024-03-28 15:41:09,091 - INFO - Log microservice amqp_connection: Trying connection
2024-03-28 15:41:09,099 - WARNING - Log microservice amqp_connection: Failed to connect: 
2024-03-28 15:41:09,100 - WARNING - Log microservice amqp_connection: Retrying in 5 seconds...
2024-03-28 15:41:14,103 - INFO - Log microservice amqp_connection: Trying connection
2024-03-28 15:41:14,117 - WARNING - Log microservice amqp_connection: Failed to connect: 
2024-03-28 15:41:14,118 - WARNING - Log microservice amqp_connection: Retrying in 5 seconds...
2024-03-28 15:41:19,124 - INFO - Log microservice amqp_connection: Trying connection
2024-03-28 15:41:19,128 - WARNING - Log microservice amqp_connection: Failed to connect: 
2024-03-28 15:41:19,129 - WARNING - Log microservice amqp_connection: Retrying in 5 seconds...
2024-03-28 15:41:24,133 - INFO - Log microservice amqp_connection: Trying connection
2024-03-28 15:41:24,142 - WARNING - Log microservice amqp_connection: Failed to connect: 
2024-03-28 15:41:24,143 - WARNING - Log microservice amqp_connection: Retrying in 5 seconds...
2024-03-28 15:41:29,145 - INFO - Log microservice amqp_connection: Trying connection
2024-03-28 15:41:29,146 - WARNING - Log microservice amqp_connection: Failed to connect: 
2024-03-28 15:41:29,147 - WARNING - Log microservice amqp_connection: Retrying in 5 seconds...
2024-03-28 15:41:34,149 - INFO - Log microservice amqp_connection: Trying connection
2024-03-28 15:41:34,158 - WARNING - Log microservice amqp_connection: Failed to connect: 
2024-03-28 15:41:34,159 - WARNING - Log microservice amqp_connection: Retrying in 5 seconds...
2024-03-28 15:41:39,161 - INFO - Log microservice amqp_connection: Trying connection
2024-03-28 15:41:39,165 - WARNING - Log microservice amqp_connection: Failed to connect: 
2024-03-28 15:41:39,165 - WARNING - Log microservice amqp_connection: Retrying in 5 seconds...
2024-03-28 15:41:44,166 - INFO - Log microservice amqp_connection: Trying connection
2024-03-28 15:41:44,168 - WARNING - Log microservice amqp_connection: Failed to connect: 
2024-03-28 15:41:44,169 - WARNING - Log microservice amqp_connection: Retrying in 5 seconds...
2024-03-28 15:41:49,169 - INFO - Log microservice amqp_connection: Trying connection
2024-03-28 15:41:49,174 - WARNING - Log microservice amqp_connection: Failed to connect: 
2024-03-28 15:41:49,175 - WARNING - Log microservice amqp_connection: Retrying in 5 seconds...
2024-03-28 15:41:54,175 - INFO - Log microservice amqp_connection: Trying connection
2024-03-28 15:41:54,180 - WARNING - Log microservice amqp_connection: Failed to connect: 
2024-03-28 15:41:54,181 - WARNING - Log microservice amqp_connection: Retrying in 5 seconds...
2024-03-28 15:41:59,182 - INFO - Log microservice amqp_connection: Trying connection
2024-03-28 15:41:59,189 - WARNING - Log microservice amqp_connection: Failed to connect: 
2024-03-28 15:41:59,190 - WARNING - Log microservice amqp_connection: Retrying in 5 seconds...
2024-03-28 15:42:04,195 - INFO - Log microservice amqp_connection: Trying connection
2024-03-28 15:42:04,210 - WARNING - Log microservice amqp_connection: Failed to connect: 
2024-03-28 15:42:04,211 - WARNING - Log microservice amqp_connection: Retrying in 5 seconds...
2024-03-28 15:42:09,214 - INFO - Log microservice amqp_connection: Trying connection
2024-03-28 15:42:09,236 - WARNING - Log microservice amqp_connection: Failed to connect: 
2024-03-28 15:42:09,236 - WARNING - Log microservice amqp_connection: Retrying in 5 seconds...
2024-03-28 15:42:14,245 - INFO - Log microservice amqp_connection: Trying connection
2024-03-28 15:42:14,258 - WARNING - Log microservice amqp_connection: Failed to connect: 
2024-03-28 15:42:14,259 - WARNING - Log microservice amqp_connection: Retrying in 5 seconds...
2024-03-28 15:42:19,280 - INFO - Log microservice amqp_connection: Trying connection
2024-03-28 15:42:19,384 - WARNING - Log microservice amqp_connection: Failed to connect: 
2024-03-28 15:42:19,385 - WARNING - Log microservice amqp_connection: Retrying in 5 seconds...
2024-03-28 15:42:24,388 - INFO - Log microservice amqp_connection: Trying connection
2024-03-28 15:42:24,395 - WARNING - Log microservice amqp_connection: Failed to connect: 
2024-03-28 15:42:24,396 - WARNING - Log microservice amqp_connection: Retrying in 5 seconds...
2024-03-28 15:42:29,397 - INFO - Log microservice amqp_connection: Trying connection
2024-03-28 15:42:29,404 - WARNING - Log microservice amqp_connection: Failed to connect: 
2024-03-28 15:42:29,405 - WARNING - Log microservice amqp_connection: Retrying in 5 seconds...
2024-03-28 15:42:34,408 - INFO - Log microservice amqp_connection: Trying connection
2024-03-28 15:42:34,417 - WARNING - Log microservice amqp_connection: Failed to connect: 
2024-03-28 15:42:34,418 - WARNING - Log microservice amqp_connection: Retrying in 5 seconds...
2024-03-28 15:42:39,420 - INFO - Log microservice amqp_connection: Trying connection
2024-03-28 15:42:39,426 - WARNING - Log microservice amqp_connection: Failed to connect: 
2024-03-28 15:42:39,428 - WARNING - Log microservice amqp_connection: Retrying in 5 seconds...
2024-03-28 15:42:44,429 - INFO - Log microservice amqp_connection: Trying connection
2024-03-28 15:42:44,431 - WARNING - Log microservice amqp_connection: Failed to connect: 
2024-03-28 15:42:44,431 - WARNING - Log microservice amqp_connection: Retrying in 5 seconds...
2024-03-28 15:42:49,432 - INFO - Log microservice amqp_connection: Trying connection
2024-03-28 15:42:49,439 - WARNING - Log microservice amqp_connection: Failed to connect: 
2024-03-28 15:42:49,440 - WARNING - Log microservice amqp_connection: Retrying in 5 seconds...
2024-03-28 15:42:54,442 - INFO - Log microservice amqp_connection: Trying connection
2024-03-28 15:42:54,447 - WARNING - Log microservice amqp_connection: Failed to connect: 
2024-03-28 15:42:54,448 - WARNING - Log microservice amqp_connection: Retrying in 5 seconds...
2024-03-28 15:42:59,449 - INFO - Log microservice amqp_connection: Trying connection
2024-03-28 15:42:59,456 - WARNING - Log microservice amqp_connection: Failed to connect: 
2024-03-28 15:42:59,457 - WARNING - Log microservice amqp_connection: Retrying in 5 seconds...
2024-03-28 15:43:04,458 - INFO - Log microservice amqp_connection: Trying connection
2024-03-28 15:43:04,463 - WARNING - Log microservice amqp_connection: Failed to connect: 
2024-03-28 15:43:04,464 - WARNING - Log microservice amqp_connection: Retrying in 5 seconds...
2024-03-28 15:43:09,465 - INFO - Log microservice amqp_connection: Trying connection
2024-03-28 15:43:09,470 - WARNING - Log microservice amqp_connection: Failed to connect: 
2024-03-28 15:43:09,471 - WARNING - Log microservice amqp_connection: Retrying in 5 seconds...
2024-03-28 15:43:14,472 - INFO - Log microservice amqp_connection: Trying connection
2024-03-28 15:43:14,478 - WARNING - Log microservice amqp_connection: Failed to connect: 
2024-03-28 15:43:14,478 - WARNING - Log microservice amqp_connection: Retrying in 5 seconds...
2024-03-28 15:43:19,480 - INFO - Log microservice amqp_connection: Trying connection
2024-03-28 15:43:19,489 - WARNING - Log microservice amqp_connection: Failed to connect: 
2024-03-28 15:43:19,490 - WARNING - Log microservice amqp_connection: Retrying in 5 seconds...
2024-03-28 15:43:24,492 - INFO - Log microservice amqp_connection: Trying connection
2024-03-28 15:43:24,496 - WARNING - Log microservice amqp_connection: Failed to connect: 
2024-03-28 15:43:24,497 - WARNING - Log microservice amqp_connection: Retrying in 5 seconds...
2024-03-28 15:44:18,620 - INFO - Log microservice: Getting Connection
2024-03-28 15:44:18,621 - INFO - Log microservice amqp_connection: Create_connection
2024-03-28 15:44:19,359 - INFO - Log microservice: Getting Connection
2024-03-28 15:44:19,359 - INFO - Log microservice amqp_connection: Create_connection
2024-03-28 15:44:21,669 - INFO - Log microservice: Getting Connection
2024-03-28 15:44:21,671 - INFO - Log microservice amqp_connection: Create_connection
2024-03-28 15:44:23,524 - INFO - Log microservice: Getting Connection
2024-03-28 15:44:23,525 - INFO - Log microservice amqp_connection: Create_connection
2024-03-28 15:44:25,354 - INFO - Log microservice: Getting Connection
2024-03-28 15:44:25,355 - INFO - Log microservice amqp_connection: Create_connection
2024-03-28 15:44:27,987 - INFO - Log microservice: Getting Connection
2024-03-28 15:44:27,988 - INFO - Log microservice amqp_connection: Create_connection
2024-03-28 15:44:31,934 - INFO - Log microservice: Getting Connection
2024-03-28 15:44:31,935 - INFO - Log microservice amqp_connection: Create_connection
2024-03-28 15:44:39,023 - INFO - Log microservice: Getting Connection
2024-03-28 15:44:39,023 - INFO - Log microservice amqp_connection: Create_connection
2024-03-28 15:44:52,227 - INFO - Log microservice: Getting Connection
2024-03-28 15:44:52,227 - INFO - Log microservice amqp_connection: Create_connection
2024-03-28 15:45:18,083 - INFO - Log microservice: Getting Connection
2024-03-28 15:45:18,083 - INFO - Log microservice amqp_connection: Create_connection
2024-03-28 15:46:09,571 - INFO - Log microservice: Getting Connection
2024-03-28 15:46:09,571 - INFO - Log microservice amqp_connection: Create_connection
2024-03-28 15:47:15,761 - INFO - Log microservice: Getting Connection
2024-03-28 15:47:15,762 - INFO - Log microservice amqp_connection: Create_connection
2024-03-28 15:47:15,762 - INFO - Log microservice amqp_connection: Trying connection
2024-03-28 15:47:15,767 - WARNING - Log microservice amqp_connection: Failed to connect: 
2024-03-28 15:47:15,768 - WARNING - Log microservice amqp_connection: Retrying in 5 seconds...
2024-03-28 15:47:20,770 - INFO - Log microservice amqp_connection: Trying connection
2024-03-28 15:47:20,779 - WARNING - Log microservice amqp_connection: Failed to connect: 
2024-03-28 15:47:20,780 - WARNING - Log microservice amqp_connection: Retrying in 5 seconds...
2024-03-28 15:47:25,781 - INFO - Log microservice amqp_connection: Trying connection
2024-03-28 15:47:25,787 - WARNING - Log microservice amqp_connection: Failed to connect: 
2024-03-28 15:47:25,788 - WARNING - Log microservice amqp_connection: Retrying in 5 seconds...
2024-03-28 15:47:30,789 - INFO - Log microservice amqp_connection: Trying connection
2024-03-28 15:47:30,796 - WARNING - Log microservice amqp_connection: Failed to connect: 
2024-03-28 15:47:30,797 - WARNING - Log microservice amqp_connection: Retrying in 5 seconds...
2024-03-28 15:47:35,799 - INFO - Log microservice amqp_connection: Trying connection
2024-03-28 15:47:35,806 - WARNING - Log microservice amqp_connection: Failed to connect: 
2024-03-28 15:47:35,807 - WARNING - Log microservice amqp_connection: Retrying in 5 seconds...
2024-03-28 15:47:40,811 - INFO - Log microservice amqp_connection: Trying connection
2024-03-28 15:47:40,817 - WARNING - Log microservice amqp_connection: Failed to connect: 
2024-03-28 15:47:40,818 - WARNING - Log microservice amqp_connection: Retrying in 5 seconds...
2024-03-28 15:47:45,819 - INFO - Log microservice amqp_connection: Trying connection
2024-03-28 15:47:45,826 - WARNING - Log microservice amqp_connection: Failed to connect: 
2024-03-28 15:47:45,828 - WARNING - Log microservice amqp_connection: Retrying in 5 seconds...
2024-03-28 15:47:50,830 - INFO - Log microservice amqp_connection: Trying connection
2024-03-28 15:47:50,838 - WARNING - Log microservice amqp_connection: Failed to connect: 
2024-03-28 15:47:50,839 - WARNING - Log microservice amqp_connection: Retrying in 5 seconds...
2024-03-28 15:47:55,843 - INFO - Log microservice amqp_connection: Trying connection
2024-03-28 15:47:55,848 - WARNING - Log microservice amqp_connection: Failed to connect: 
2024-03-28 15:47:55,848 - WARNING - Log microservice amqp_connection: Retrying in 5 seconds...
2024-03-28 15:48:00,854 - INFO - Log microservice amqp_connection: Trying connection
2024-03-28 15:48:00,860 - WARNING - Log microservice amqp_connection: Failed to connect: 
2024-03-28 15:48:00,861 - WARNING - Log microservice amqp_connection: Retrying in 5 seconds...
2024-03-28 15:48:05,863 - INFO - Log microservice amqp_connection: Trying connection
2024-03-28 15:48:05,865 - WARNING - Log microservice amqp_connection: Failed to connect: 
2024-03-28 15:48:05,865 - WARNING - Log microservice amqp_connection: Retrying in 5 seconds...
2024-03-28 15:48:10,866 - INFO - Log microservice amqp_connection: Trying connection
2024-03-28 15:48:10,872 - WARNING - Log microservice amqp_connection: Failed to connect: 
2024-03-28 15:48:10,873 - WARNING - Log microservice amqp_connection: Retrying in 5 seconds...
2024-03-28 15:48:15,880 - ERROR - Log microservice unable to establish a connection to RabbitMQ after multiple attempts
2024-03-28 15:48:15,882 - INFO - Log microservice: Connection established successfully
2024-03-28 15:48:16,296 - INFO - Log microservice: Getting Connection
2024-03-28 15:48:16,296 - INFO - Log microservice amqp_connection: Create_connection
2024-03-28 15:48:16,297 - INFO - Log microservice amqp_connection: Trying connection
2024-03-28 15:48:16,299 - WARNING - Log microservice amqp_connection: Failed to connect: 
2024-03-28 15:48:16,299 - WARNING - Log microservice amqp_connection: Retrying in 5 seconds...
2024-03-28 15:48:21,300 - INFO - Log microservice amqp_connection: Trying connection
2024-03-28 15:48:21,307 - WARNING - Log microservice amqp_connection: Failed to connect: 
2024-03-28 15:48:21,308 - WARNING - Log microservice amqp_connection: Retrying in 5 seconds...
2024-03-28 15:48:26,309 - INFO - Log microservice amqp_connection: Trying connection
2024-03-28 15:48:26,310 - WARNING - Log microservice amqp_connection: Failed to connect: 
2024-03-28 15:48:26,310 - WARNING - Log microservice amqp_connection: Retrying in 5 seconds...
2024-03-28 15:48:31,316 - INFO - Log microservice amqp_connection: Trying connection
2024-03-28 15:48:31,325 - WARNING - Log microservice amqp_connection: Failed to connect: 
2024-03-28 15:48:31,326 - WARNING - Log microservice amqp_connection: Retrying in 5 seconds...
2024-03-28 15:48:36,329 - INFO - Log microservice amqp_connection: Trying connection
2024-03-28 15:48:36,332 - WARNING - Log microservice amqp_connection: Failed to connect: 
2024-03-28 15:48:36,333 - WARNING - Log microservice amqp_connection: Retrying in 5 seconds...
2024-03-28 15:48:41,339 - INFO - Log microservice amqp_connection: Trying connection
2024-03-28 15:48:41,348 - WARNING - Log microservice amqp_connection: Failed to connect: 
2024-03-28 15:48:41,349 - WARNING - Log microservice amqp_connection: Retrying in 5 seconds...
2024-03-28 15:48:46,352 - INFO - Log microservice amqp_connection: Trying connection
2024-03-28 15:48:46,356 - WARNING - Log microservice amqp_connection: Failed to connect: 
2024-03-28 15:48:46,357 - WARNING - Log microservice amqp_connection: Retrying in 5 seconds...
2024-03-28 15:48:51,357 - INFO - Log microservice amqp_connection: Trying connection
2024-03-28 15:48:51,365 - WARNING - Log microservice amqp_connection: Failed to connect: 
2024-03-28 15:48:51,366 - WARNING - Log microservice amqp_connection: Retrying in 5 seconds...
2024-03-28 15:48:56,368 - INFO - Log microservice amqp_connection: Trying connection
2024-03-28 15:48:56,374 - WARNING - Log microservice amqp_connection: Failed to connect: 
2024-03-28 15:48:56,375 - WARNING - Log microservice amqp_connection: Retrying in 5 seconds...
2024-03-28 15:49:01,382 - INFO - Log microservice amqp_connection: Trying connection
2024-03-28 15:49:01,387 - WARNING - Log microservice amqp_connection: Failed to connect: 
2024-03-28 15:49:01,387 - WARNING - Log microservice amqp_connection: Retrying in 5 seconds...
2024-03-28 15:49:06,395 - INFO - Log microservice amqp_connection: Trying connection
2024-03-28 15:49:06,405 - WARNING - Log microservice amqp_connection: Failed to connect: 
2024-03-28 15:49:06,406 - WARNING - Log microservice amqp_connection: Retrying in 5 seconds...
2024-03-28 15:51:07,642 - INFO - Log microservice: Getting Connection
2024-03-28 15:51:07,649 - INFO - Log microservice amqp_connection: Create_connection
2024-03-28 15:51:07,653 - INFO - Log microservice amqp_connection: Trying connection
2024-03-28 15:51:07,666 - WARNING - Log microservice amqp_connection: Failed to connect: 
2024-03-28 15:51:07,712 - WARNING - Log microservice amqp_connection: Retrying in 5 seconds...
2024-03-28 15:51:12,813 - INFO - Log microservice amqp_connection: Trying connection
2024-03-28 15:51:12,817 - WARNING - Log microservice amqp_connection: Failed to connect: 
2024-03-28 15:51:12,817 - WARNING - Log microservice amqp_connection: Retrying in 5 seconds...
2024-03-28 15:51:17,818 - INFO - Log microservice amqp_connection: Trying connection
2024-03-28 15:51:17,825 - WARNING - Log microservice amqp_connection: Failed to connect: 
2024-03-28 15:51:17,826 - WARNING - Log microservice amqp_connection: Retrying in 5 seconds...
2024-03-28 15:51:22,828 - INFO - Log microservice amqp_connection: Trying connection
2024-03-28 15:51:22,835 - WARNING - Log microservice amqp_connection: Failed to connect: 
2024-03-28 15:51:22,836 - WARNING - Log microservice amqp_connection: Retrying in 5 seconds...
2024-03-28 15:51:27,837 - INFO - Log microservice amqp_connection: Trying connection
2024-03-28 15:51:27,844 - WARNING - Log microservice amqp_connection: Failed to connect: 
2024-03-28 15:51:27,845 - WARNING - Log microservice amqp_connection: Retrying in 5 seconds...
2024-03-28 15:51:32,864 - INFO - Log microservice amqp_connection: Trying connection
2024-03-28 15:51:32,920 - WARNING - Log microservice amqp_connection: Failed to connect: 
2024-03-28 15:51:32,933 - WARNING - Log microservice amqp_connection: Retrying in 5 seconds...
2024-03-28 15:51:37,940 - INFO - Log microservice amqp_connection: Trying connection
2024-03-28 15:51:37,960 - WARNING - Log microservice amqp_connection: Failed to connect: 
2024-03-28 15:51:37,960 - WARNING - Log microservice amqp_connection: Retrying in 5 seconds...
2024-03-28 15:51:42,965 - INFO - Log microservice amqp_connection: Trying connection
2024-03-28 15:51:42,984 - WARNING - Log microservice amqp_connection: Failed to connect: 
2024-03-28 15:51:42,985 - WARNING - Log microservice amqp_connection: Retrying in 5 seconds...
2024-03-28 15:51:47,988 - INFO - Log microservice amqp_connection: Trying connection
2024-03-28 15:51:48,011 - WARNING - Log microservice amqp_connection: Failed to connect: 
2024-03-28 15:51:48,012 - WARNING - Log microservice amqp_connection: Retrying in 5 seconds...
2024-03-28 15:51:53,019 - INFO - Log microservice amqp_connection: Trying connection
2024-03-28 15:51:53,040 - WARNING - Log microservice amqp_connection: Failed to connect: 
2024-03-28 15:51:53,041 - WARNING - Log microservice amqp_connection: Retrying in 5 seconds...
2024-03-28 15:51:58,044 - INFO - Log microservice amqp_connection: Trying connection
2024-03-28 15:51:58,055 - WARNING - Log microservice amqp_connection: Failed to connect: 
2024-03-28 15:51:58,056 - WARNING - Log microservice amqp_connection: Retrying in 5 seconds...
2024-03-28 15:52:03,055 - INFO - Log microservice amqp_connection: Trying connection
2024-03-28 15:52:03,064 - WARNING - Log microservice amqp_connection: Failed to connect: 
2024-03-28 15:52:03,065 - WARNING - Log microservice amqp_connection: Retrying in 5 seconds...
2024-03-28 15:52:08,068 - ERROR - Log microservice unable to establish a connection to RabbitMQ after multiple attempts
2024-03-28 15:52:08,070 - INFO - Log microservice: Connection established successfully
2024-03-28 15:52:08,534 - INFO - Log microservice: Getting Connection
2024-03-28 15:52:08,534 - INFO - Log microservice amqp_connection: Create_connection
2024-03-28 15:52:08,534 - INFO - Log microservice amqp_connection: Trying connection
2024-03-28 15:52:08,536 - WARNING - Log microservice amqp_connection: Failed to connect: 
2024-03-28 15:52:08,537 - WARNING - Log microservice amqp_connection: Retrying in 5 seconds...
2024-03-28 15:52:13,538 - INFO - Log microservice amqp_connection: Trying connection
2024-03-28 15:52:13,540 - WARNING - Log microservice amqp_connection: Failed to connect: 
2024-03-28 15:52:13,540 - WARNING - Log microservice amqp_connection: Retrying in 5 seconds...
2024-03-28 15:52:18,541 - INFO - Log microservice amqp_connection: Trying connection
2024-03-28 15:52:18,546 - WARNING - Log microservice amqp_connection: Failed to connect: 
2024-03-28 15:52:18,547 - WARNING - Log microservice amqp_connection: Retrying in 5 seconds...
2024-03-28 15:52:23,548 - INFO - Log microservice amqp_connection: Trying connection
2024-03-28 15:52:23,552 - WARNING - Log microservice amqp_connection: Failed to connect: 
2024-03-28 15:52:23,552 - WARNING - Log microservice amqp_connection: Retrying in 5 seconds...
2024-03-28 15:52:28,557 - INFO - Log microservice amqp_connection: Trying connection
2024-03-28 15:52:28,563 - WARNING - Log microservice amqp_connection: Failed to connect: 
2024-03-28 15:52:28,563 - WARNING - Log microservice amqp_connection: Retrying in 5 seconds...
2024-03-28 23:52:29,153 - INFO - Log microservice: Getting Connection
2024-03-28 23:52:29,154 - INFO - Log microservice amqp_connection: Create_connection
2024-03-28 23:52:29,154 - INFO - Log microservice amqp_connection: Trying connection
2024-03-28 23:52:29,162 - INFO - Log microservice amqp_connection: Connection established successfully
2024-03-28 23:52:29,162 - INFO - Log microservice: Connection established successfully
2024-03-28 23:52:29,164 - INFO - Log microservice: Consuming from queue: All_Logs
2024-03-28 15:52:33,569 - INFO - Log microservice amqp_connection: Trying connection
2024-03-28 15:52:33,572 - WARNING - Log microservice amqp_connection: Failed to connect: 
2024-03-28 15:52:33,572 - WARNING - Log microservice amqp_connection: Retrying in 5 seconds...
2024-03-28 15:52:38,574 - INFO - Log microservice amqp_connection: Trying connection
2024-03-28 15:52:38,577 - WARNING - Log microservice amqp_connection: Failed to connect: 
2024-03-28 15:52:38,578 - WARNING - Log microservice amqp_connection: Retrying in 5 seconds...
2024-03-28 15:52:43,584 - INFO - Log microservice amqp_connection: Trying connection
2024-03-28 15:52:43,585 - WARNING - Log microservice amqp_connection: Failed to connect: 
2024-03-28 15:52:43,586 - WARNING - Log microservice amqp_connection: Retrying in 5 seconds...
2024-03-28 15:52:48,587 - INFO - Log microservice amqp_connection: Trying connection
2024-03-28 15:52:48,594 - WARNING - Log microservice amqp_connection: Failed to connect: 
2024-03-28 15:52:48,595 - WARNING - Log microservice amqp_connection: Retrying in 5 seconds...
2024-03-28 15:52:53,597 - INFO - Log microservice amqp_connection: Trying connection
2024-03-28 15:52:53,599 - WARNING - Log microservice amqp_connection: Failed to connect: 
2024-03-28 15:52:53,599 - WARNING - Log microservice amqp_connection: Retrying in 5 seconds...
2024-03-28 15:52:58,600 - INFO - Log microservice amqp_connection: Trying connection
2024-03-28 15:52:58,609 - WARNING - Log microservice amqp_connection: Failed to connect: 
2024-03-28 15:52:58,610 - WARNING - Log microservice amqp_connection: Retrying in 5 seconds...
2024-03-28 15:53:03,611 - INFO - Log microservice amqp_connection: Trying connection
2024-03-28 15:53:03,615 - WARNING - Log microservice amqp_connection: Failed to connect: 
2024-03-28 15:53:03,615 - WARNING - Log microservice amqp_connection: Retrying in 5 seconds...
2024-03-28 15:53:08,617 - ERROR - Log microservice unable to establish a connection to RabbitMQ after multiple attempts
2024-03-28 15:53:08,619 - INFO - Log microservice: Connection established successfully
2024-03-28 15:53:09,057 - INFO - Log microservice: Getting Connection
2024-03-28 15:53:09,057 - INFO - Log microservice amqp_connection: Create_connection
2024-03-28 15:53:09,057 - INFO - Log microservice amqp_connection: Trying connection
2024-03-28 15:53:09,059 - WARNING - Log microservice amqp_connection: Failed to connect: 
2024-03-28 15:53:09,059 - WARNING - Log microservice amqp_connection: Retrying in 5 seconds...
2024-03-28 15:53:14,060 - INFO - Log microservice amqp_connection: Trying connection
2024-03-28 15:53:14,065 - WARNING - Log microservice amqp_connection: Failed to connect: 
2024-03-28 15:53:14,066 - WARNING - Log microservice amqp_connection: Retrying in 5 seconds...
2024-03-28 15:53:19,069 - INFO - Log microservice amqp_connection: Trying connection
2024-03-28 15:53:19,077 - WARNING - Log microservice amqp_connection: Failed to connect: 
2024-03-28 15:53:19,078 - WARNING - Log microservice amqp_connection: Retrying in 5 seconds...
2024-03-28 15:53:24,080 - INFO - Log microservice amqp_connection: Trying connection
2024-03-28 15:53:24,088 - WARNING - Log microservice amqp_connection: Failed to connect: 
2024-03-28 15:53:24,089 - WARNING - Log microservice amqp_connection: Retrying in 5 seconds...
2024-03-28 15:53:29,095 - INFO - Log microservice amqp_connection: Trying connection
2024-03-28 15:53:29,099 - WARNING - Log microservice amqp_connection: Failed to connect: 
2024-03-28 15:53:29,099 - WARNING - Log microservice amqp_connection: Retrying in 5 seconds...
2024-03-28 15:53:34,103 - INFO - Log microservice amqp_connection: Trying connection
2024-03-28 15:53:34,110 - WARNING - Log microservice amqp_connection: Failed to connect: 
2024-03-28 15:53:34,112 - WARNING - Log microservice amqp_connection: Retrying in 5 seconds...
2024-03-28 15:53:39,114 - INFO - Log microservice amqp_connection: Trying connection
2024-03-28 15:53:39,119 - WARNING - Log microservice amqp_connection: Failed to connect: 
2024-03-28 15:53:39,120 - WARNING - Log microservice amqp_connection: Retrying in 5 seconds...
2024-03-28 15:53:44,126 - INFO - Log microservice amqp_connection: Trying connection
2024-03-28 15:53:44,133 - WARNING - Log microservice amqp_connection: Failed to connect: 
2024-03-28 15:53:44,134 - WARNING - Log microservice amqp_connection: Retrying in 5 seconds...
2024-03-28 15:53:49,138 - INFO - Log microservice amqp_connection: Trying connection
2024-03-28 15:53:49,146 - WARNING - Log microservice amqp_connection: Failed to connect: 
2024-03-28 15:53:49,147 - WARNING - Log microservice amqp_connection: Retrying in 5 seconds...
2024-03-28 15:53:54,149 - INFO - Log microservice amqp_connection: Trying connection
2024-03-28 15:53:54,156 - WARNING - Log microservice amqp_connection: Failed to connect: 
2024-03-28 15:53:54,158 - WARNING - Log microservice amqp_connection: Retrying in 5 seconds...
2024-03-28 15:53:59,163 - INFO - Log microservice amqp_connection: Trying connection
2024-03-28 15:53:59,186 - WARNING - Log microservice amqp_connection: Failed to connect: 
2024-03-28 15:53:59,187 - WARNING - Log microservice amqp_connection: Retrying in 5 seconds...
2024-03-28 23:54:02,895 - ERROR - Log microservice: Failed to connect: %s (320, "CONNECTION_FORCED - broker forced connection closure with reason 'shutdown'")
2024-03-28 15:54:04,193 - INFO - Log microservice amqp_connection: Trying connection
2024-03-28 15:54:04,225 - WARNING - Log microservice amqp_connection: Failed to connect: 
2024-03-28 15:54:04,226 - WARNING - Log microservice amqp_connection: Retrying in 5 seconds...
2024-03-28 15:54:09,248 - ERROR - Log microservice unable to establish a connection to RabbitMQ after multiple attempts
2024-03-28 15:54:09,255 - INFO - Log microservice: Connection established successfully
2024-03-28 15:54:57,607 - INFO - Log microservice: Getting Connection
2024-03-28 15:54:57,608 - INFO - Log microservice amqp_connection: Create_connection
2024-03-28 15:54:57,608 - INFO - Log microservice amqp_connection: Trying connection
2024-03-28 15:54:57,613 - WARNING - Log microservice amqp_connection: Failed to connect: 
2024-03-28 15:54:57,614 - WARNING - Log microservice amqp_connection: Retrying in 5 seconds...
2024-03-28 15:55:02,615 - INFO - Log microservice amqp_connection: Trying connection
2024-03-28 15:55:02,618 - WARNING - Log microservice amqp_connection: Failed to connect: 
2024-03-28 15:55:02,619 - WARNING - Log microservice amqp_connection: Retrying in 5 seconds...
2024-03-28 15:55:07,619 - INFO - Log microservice amqp_connection: Trying connection
2024-03-28 15:55:07,625 - WARNING - Log microservice amqp_connection: Failed to connect: 
2024-03-28 15:55:07,626 - WARNING - Log microservice amqp_connection: Retrying in 5 seconds...
2024-03-28 15:55:12,630 - INFO - Log microservice amqp_connection: Trying connection
2024-03-28 15:55:12,635 - WARNING - Log microservice amqp_connection: Failed to connect: 
2024-03-28 15:55:12,636 - WARNING - Log microservice amqp_connection: Retrying in 5 seconds...
2024-03-28 15:55:17,639 - INFO - Log microservice amqp_connection: Trying connection
2024-03-28 15:55:17,648 - WARNING - Log microservice amqp_connection: Failed to connect: 
2024-03-28 15:55:17,648 - WARNING - Log microservice amqp_connection: Retrying in 5 seconds...
2024-03-28 15:55:22,651 - INFO - Log microservice amqp_connection: Trying connection
2024-03-28 15:55:22,658 - WARNING - Log microservice amqp_connection: Failed to connect: 
2024-03-28 15:55:22,659 - WARNING - Log microservice amqp_connection: Retrying in 5 seconds...
2024-03-28 15:55:27,661 - INFO - Log microservice amqp_connection: Trying connection
2024-03-28 15:55:27,665 - WARNING - Log microservice amqp_connection: Failed to connect: 
2024-03-28 15:55:27,665 - WARNING - Log microservice amqp_connection: Retrying in 5 seconds...
2024-03-28 15:55:32,667 - INFO - Log microservice amqp_connection: Trying connection
2024-03-28 15:55:32,674 - WARNING - Log microservice amqp_connection: Failed to connect: 
2024-03-28 15:55:32,675 - WARNING - Log microservice amqp_connection: Retrying in 5 seconds...
2024-03-28 15:55:37,677 - INFO - Log microservice amqp_connection: Trying connection
2024-03-28 15:55:37,681 - WARNING - Log microservice amqp_connection: Failed to connect: 
2024-03-28 15:55:37,681 - WARNING - Log microservice amqp_connection: Retrying in 5 seconds...
2024-03-28 15:55:42,683 - INFO - Log microservice amqp_connection: Trying connection
2024-03-28 15:55:42,684 - WARNING - Log microservice amqp_connection: Failed to connect: 
2024-03-28 15:55:42,684 - WARNING - Log microservice amqp_connection: Retrying in 5 seconds...
2024-03-28 15:55:47,685 - INFO - Log microservice amqp_connection: Trying connection
2024-03-28 15:55:47,687 - WARNING - Log microservice amqp_connection: Failed to connect: 
2024-03-28 15:55:47,687 - WARNING - Log microservice amqp_connection: Retrying in 5 seconds...
2024-03-28 15:55:52,690 - INFO - Log microservice amqp_connection: Trying connection
2024-03-28 15:55:52,698 - WARNING - Log microservice amqp_connection: Failed to connect: 
2024-03-28 15:55:52,698 - WARNING - Log microservice amqp_connection: Retrying in 5 seconds...
2024-03-28 15:55:57,699 - ERROR - Log microservice unable to establish a connection to RabbitMQ after multiple attempts
2024-03-28 15:55:57,699 - INFO - Log microservice: Connection established successfully
2024-03-28 15:55:58,126 - INFO - Log microservice: Getting Connection
2024-03-28 15:55:58,126 - INFO - Log microservice amqp_connection: Create_connection
2024-03-28 15:55:58,126 - INFO - Log microservice amqp_connection: Trying connection
2024-03-28 15:55:58,128 - WARNING - Log microservice amqp_connection: Failed to connect: 
2024-03-28 15:55:58,128 - WARNING - Log microservice amqp_connection: Retrying in 5 seconds...
2024-03-28 15:56:03,129 - INFO - Log microservice amqp_connection: Trying connection
2024-03-28 15:56:03,133 - WARNING - Log microservice amqp_connection: Failed to connect: 
2024-03-28 15:56:03,134 - WARNING - Log microservice amqp_connection: Retrying in 5 seconds...
2024-03-28 15:56:03,587 - INFO - Log microservice: Getting Connection
2024-03-28 15:56:03,587 - INFO - Log microservice amqp_connection: Create_connection
2024-03-28 15:56:03,587 - INFO - Log microservice amqp_connection: Trying connection
2024-03-28 15:56:03,589 - WARNING - Log microservice amqp_connection: Failed to connect: 
2024-03-28 15:56:03,589 - WARNING - Log microservice amqp_connection: Retrying in 5 seconds...
2024-03-28 15:56:08,140 - INFO - Log microservice amqp_connection: Trying connection
2024-03-28 15:56:08,141 - WARNING - Log microservice amqp_connection: Failed to connect: 
2024-03-28 15:56:08,142 - WARNING - Log microservice amqp_connection: Retrying in 5 seconds...
2024-03-28 15:56:08,591 - INFO - Log microservice amqp_connection: Trying connection
2024-03-28 15:56:08,598 - WARNING - Log microservice amqp_connection: Failed to connect: 
2024-03-28 15:56:08,599 - WARNING - Log microservice amqp_connection: Retrying in 5 seconds...
2024-03-28 15:56:13,144 - INFO - Log microservice amqp_connection: Trying connection
2024-03-28 15:56:13,150 - WARNING - Log microservice amqp_connection: Failed to connect: 
2024-03-28 15:56:13,150 - WARNING - Log microservice amqp_connection: Retrying in 5 seconds...
2024-03-28 15:56:13,600 - INFO - Log microservice amqp_connection: Trying connection
2024-03-28 15:56:13,604 - WARNING - Log microservice amqp_connection: Failed to connect: 
2024-03-28 15:56:13,605 - WARNING - Log microservice amqp_connection: Retrying in 5 seconds...
2024-03-28 15:56:18,157 - INFO - Log microservice amqp_connection: Trying connection
2024-03-28 15:56:18,172 - WARNING - Log microservice amqp_connection: Failed to connect: 
2024-03-28 15:56:18,175 - WARNING - Log microservice amqp_connection: Retrying in 5 seconds...
2024-03-28 15:56:18,610 - INFO - Log microservice amqp_connection: Trying connection
2024-03-28 15:56:18,643 - WARNING - Log microservice amqp_connection: Failed to connect: 
2024-03-28 15:56:18,643 - WARNING - Log microservice amqp_connection: Retrying in 5 seconds...
2024-03-28 15:56:23,195 - INFO - Log microservice amqp_connection: Trying connection
2024-03-28 15:56:23,231 - WARNING - Log microservice amqp_connection: Failed to connect: 
2024-03-28 15:56:23,231 - WARNING - Log microservice amqp_connection: Retrying in 5 seconds...
2024-03-28 15:56:23,696 - INFO - Log microservice amqp_connection: Trying connection
2024-03-28 15:56:23,760 - WARNING - Log microservice amqp_connection: Failed to connect: 
2024-03-28 15:56:23,767 - WARNING - Log microservice amqp_connection: Retrying in 5 seconds...
2024-03-28 15:56:28,234 - INFO - Log microservice amqp_connection: Trying connection
2024-03-28 15:56:28,253 - WARNING - Log microservice amqp_connection: Failed to connect: 
2024-03-28 15:56:28,254 - WARNING - Log microservice amqp_connection: Retrying in 5 seconds...
2024-03-28 15:56:28,804 - INFO - Log microservice amqp_connection: Trying connection
2024-03-28 15:56:28,875 - WARNING - Log microservice amqp_connection: Failed to connect: 
2024-03-28 15:56:28,876 - WARNING - Log microservice amqp_connection: Retrying in 5 seconds...
2024-03-28 15:56:33,268 - INFO - Log microservice amqp_connection: Trying connection
2024-03-28 15:56:33,290 - WARNING - Log microservice amqp_connection: Failed to connect: 
2024-03-28 15:56:33,291 - WARNING - Log microservice amqp_connection: Retrying in 5 seconds...
2024-03-28 15:59:04,502 - INFO - Log microservice: Getting Connection
2024-03-28 15:59:04,502 - INFO - Log microservice amqp_connection: Create_connection
2024-03-28 15:59:04,502 - INFO - Log microservice amqp_connection: Trying connection
2024-03-28 15:59:04,511 - WARNING - Log microservice amqp_connection: Failed to connect: 
2024-03-28 15:59:04,511 - WARNING - Log microservice amqp_connection: Retrying in 5 seconds...
2024-03-28 15:59:09,513 - INFO - Log microservice amqp_connection: Trying connection
2024-03-28 15:59:09,526 - WARNING - Log microservice amqp_connection: Failed to connect: 
2024-03-28 15:59:09,531 - WARNING - Log microservice amqp_connection: Retrying in 5 seconds...
2024-03-28 15:59:14,537 - INFO - Log microservice amqp_connection: Trying connection
2024-03-28 15:59:14,541 - WARNING - Log microservice amqp_connection: Failed to connect: 
2024-03-28 15:59:14,542 - WARNING - Log microservice amqp_connection: Retrying in 5 seconds...
2024-03-28 15:59:19,546 - INFO - Log microservice amqp_connection: Trying connection
2024-03-28 15:59:19,555 - WARNING - Log microservice amqp_connection: Failed to connect: 
2024-03-28 15:59:19,556 - WARNING - Log microservice amqp_connection: Retrying in 5 seconds...
2024-03-28 15:59:24,559 - INFO - Log microservice amqp_connection: Trying connection
2024-03-28 15:59:24,572 - WARNING - Log microservice amqp_connection: Failed to connect: 
2024-03-28 15:59:24,574 - WARNING - Log microservice amqp_connection: Retrying in 5 seconds...
2024-03-28 15:59:29,576 - INFO - Log microservice amqp_connection: Trying connection
2024-03-28 15:59:29,578 - WARNING - Log microservice amqp_connection: Failed to connect: 
2024-03-28 15:59:29,578 - WARNING - Log microservice amqp_connection: Retrying in 5 seconds...
2024-03-28 15:59:34,582 - INFO - Log microservice amqp_connection: Trying connection
2024-03-28 15:59:34,600 - WARNING - Log microservice amqp_connection: Failed to connect: 
2024-03-28 15:59:34,601 - WARNING - Log microservice amqp_connection: Retrying in 5 seconds...
2024-03-28 15:59:46,579 - INFO - Log microservice: Getting Connection
2024-03-28 15:59:46,580 - INFO - Log microservice amqp_connection: Create_connection
2024-03-28 15:59:46,580 - INFO - Log microservice amqp_connection: Trying connection
2024-03-28 15:59:46,587 - WARNING - Log microservice amqp_connection: Failed to connect: 
2024-03-28 15:59:46,589 - WARNING - Log microservice amqp_connection: Retrying in 5 seconds...
2024-03-28 15:59:51,592 - INFO - Log microservice amqp_connection: Trying connection
2024-03-28 15:59:51,602 - INFO - Log microservice amqp_connection: Connection established successfully
2024-03-28 15:59:51,602 - INFO - Log microservice: Connection established successfully
2024-03-28 15:59:51,604 - INFO - Log microservice: Consuming from queue: All_Logs
2024-03-28 16:00:49,468 - ERROR - Log microservice: Failed to connect: %s (320, "CONNECTION_FORCED - broker forced connection closure with reason 'shutdown'")
2024-03-28 16:05:53,231 - INFO - Log microservice: Getting Connection
2024-03-28 16:05:53,234 - INFO - Log microservice amqp_connection: Create_connection
2024-03-28 16:05:53,235 - INFO - Log microservice amqp_connection: Trying connection
2024-03-28 16:05:53,260 - WARNING - Log microservice amqp_connection: Failed to connect: 
2024-03-28 16:05:53,261 - WARNING - Log microservice amqp_connection: Retrying in 5 seconds...
2024-03-28 16:05:58,265 - INFO - Log microservice amqp_connection: Trying connection
2024-03-28 16:05:58,279 - WARNING - Log microservice amqp_connection: Failed to connect: 
2024-03-28 16:05:58,279 - WARNING - Log microservice amqp_connection: Retrying in 5 seconds...
2024-03-28 16:06:03,284 - INFO - Log microservice amqp_connection: Trying connection
2024-03-28 16:06:03,302 - WARNING - Log microservice amqp_connection: Failed to connect: 
2024-03-28 16:06:03,303 - WARNING - Log microservice amqp_connection: Retrying in 5 seconds...
2024-03-28 16:06:08,307 - INFO - Log microservice amqp_connection: Trying connection
2024-03-28 16:06:08,322 - WARNING - Log microservice amqp_connection: Failed to connect: 
2024-03-28 16:06:08,323 - WARNING - Log microservice amqp_connection: Retrying in 5 seconds...
2024-03-28 16:06:13,331 - INFO - Log microservice amqp_connection: Trying connection
2024-03-28 16:06:13,372 - WARNING - Log microservice amqp_connection: Failed to connect: 
2024-03-28 16:06:13,374 - WARNING - Log microservice amqp_connection: Retrying in 5 seconds...
2024-03-28 16:06:18,380 - INFO - Log microservice amqp_connection: Trying connection
2024-03-28 16:07:38,180 - INFO - Log microservice: Getting Connection
2024-03-28 16:07:38,181 - INFO - Log microservice amqp_connection: Create_connection
2024-03-28 16:07:38,184 - INFO - Log microservice amqp_connection: Trying connection
2024-03-28 16:07:38,192 - WARNING - Log microservice amqp_connection: Failed to connect: 
2024-03-28 16:07:38,192 - WARNING - Log microservice amqp_connection: Retrying in 5 seconds...
2024-03-28 16:07:43,194 - INFO - Log microservice amqp_connection: Trying connection
2024-03-28 16:07:43,198 - WARNING - Log microservice amqp_connection: Failed to connect: 
2024-03-28 16:07:43,198 - WARNING - Log microservice amqp_connection: Retrying in 5 seconds...
2024-03-28 16:07:48,199 - INFO - Log microservice amqp_connection: Trying connection
2024-03-28 16:07:48,209 - INFO - Log microservice amqp_connection: Connection established successfully
2024-03-28 16:07:48,209 - INFO - Log microservice: Connection established successfully
2024-03-28 16:07:48,211 - INFO - Log microservice: Consuming from queue: All_Logs
2024-03-28 16:07:57,921 - ERROR - Log microservice: Failed to connect: %s (320, "CONNECTION_FORCED - broker forced connection closure with reason 'shutdown'")
2024-03-28 16:09:22,893 - INFO - Log microservice: Getting Connection
2024-03-28 16:09:22,894 - INFO - Log microservice amqp_connection: Create_connection
2024-03-28 16:09:22,894 - INFO - Log microservice amqp_connection: Trying connection
2024-03-28 16:09:22,910 - WARNING - Log microservice amqp_connection: Failed to connect: 
2024-03-28 16:09:22,911 - WARNING - Log microservice amqp_connection: Retrying in 5 seconds...
2024-03-28 16:09:27,914 - INFO - Log microservice amqp_connection: Trying connection
2024-03-28 16:09:27,932 - WARNING - Log microservice amqp_connection: Failed to connect: 
2024-03-28 16:09:27,932 - WARNING - Log microservice amqp_connection: Retrying in 5 seconds...
2024-03-28 16:09:32,934 - INFO - Log microservice amqp_connection: Trying connection
2024-03-28 16:09:32,947 - INFO - Log microservice amqp_connection: Connection established successfully
2024-03-28 16:09:32,948 - INFO - Log microservice: Connection established successfully
2024-03-28 16:09:32,951 - INFO - Log microservice: Consuming from queue: All_Logs
2024-03-28 16:10:03,450 - ERROR - Log microservice: Failed to connect: %s (320, "CONNECTION_FORCED - broker forced connection closure with reason 'shutdown'")
2024-03-28 16:12:00,918 - INFO - Log microservice: Getting Connection
2024-03-28 16:12:00,919 - INFO - Log microservice amqp_connection: Create_connection
2024-03-28 16:12:00,919 - INFO - Log microservice amqp_connection: Trying connection
2024-03-28 16:12:00,927 - WARNING - Log microservice amqp_connection: Failed to connect: 
2024-03-28 16:12:00,930 - WARNING - Log microservice amqp_connection: Retrying in 5 seconds...
2024-03-28 16:12:05,935 - INFO - Log microservice amqp_connection: Trying connection
2024-03-28 16:12:05,939 - WARNING - Log microservice amqp_connection: Failed to connect: 
2024-03-28 16:12:05,939 - WARNING - Log microservice amqp_connection: Retrying in 5 seconds...
2024-03-28 16:12:10,942 - INFO - Log microservice amqp_connection: Trying connection
2024-03-28 16:12:10,953 - INFO - Log microservice amqp_connection: Connection established successfully
2024-03-28 16:12:10,953 - INFO - Log microservice: Connection established successfully
2024-03-28 16:12:10,956 - INFO - Log microservice: Consuming from queue: All_Logs
2024-03-28 16:12:16,971 - ERROR - Log microservice: Failed to connect: %s (320, "CONNECTION_FORCED - broker forced connection closure with reason 'shutdown'")
2024-03-28 16:13:36,557 - INFO - Log microservice: Getting Connection
2024-03-28 16:13:36,566 - INFO - Log microservice amqp_connection: Create_connection
2024-03-28 16:13:36,574 - INFO - Log microservice amqp_connection: Trying connection
2024-03-28 16:13:36,594 - WARNING - Log microservice amqp_connection: Failed to connect: 
2024-03-28 16:13:36,594 - WARNING - Log microservice amqp_connection: Retrying in 5 seconds...
2024-03-28 16:13:41,597 - INFO - Log microservice amqp_connection: Trying connection
2024-03-28 16:13:41,613 - WARNING - Log microservice amqp_connection: Failed to connect: 
2024-03-28 16:13:41,613 - WARNING - Log microservice amqp_connection: Retrying in 5 seconds...
2024-03-28 16:13:46,614 - INFO - Log microservice amqp_connection: Trying connection
2024-03-28 16:13:46,634 - INFO - Log microservice amqp_connection: Connection established successfully
2024-03-28 16:13:46,635 - INFO - Log microservice: Connection established successfully
2024-03-28 16:13:46,638 - INFO - Log microservice: Consuming from queue: All_Logs
2024-03-29 00:17:08,578 - INFO - Complex Manage Booking amqp_connection: Create_connection
2024-03-29 00:17:08,578 - INFO - Complex Manage Booking amqp_connection: Trying connection
2024-03-29 00:17:32,056 - INFO - Complex Manage Booking amqp_connection: Create_connection
2024-03-29 00:17:32,057 - INFO - Complex Manage Booking amqp_connection: Trying connection
2024-03-29 00:24:04,688 - INFO - Complex Manage Booking amqp_connection: Create_connection
2024-03-29 00:24:04,688 - INFO - Complex Manage Booking amqp_connection: Trying connection
2024-03-29 00:31:07,775 - INFO - Complex Manage Booking amqp_connection: Create_connection
2024-03-29 00:31:07,775 - INFO - Complex Manage Booking amqp_connection: Trying connection
